Determining if the pthread_create exist failed with the following output:
Change Dir: /home/chris/caffe/build/CMakeFiles/CMakeTmp

Run Build Command:"/usr/bin/make" "cmTC_839b4/fast"
/usr/bin/make -f CMakeFiles/cmTC_839b4.dir/build.make CMakeFiles/cmTC_839b4.dir/build
make[1]: Entering directory '/home/chris/caffe/build/CMakeFiles/CMakeTmp'
Building C object CMakeFiles/cmTC_839b4.dir/CheckSymbolExists.c.o
/usr/bin/gcc-5     -o CMakeFiles/cmTC_839b4.dir/CheckSymbolExists.c.o   -c /home/chris/caffe/build/CMakeFiles/CMakeTmp/CheckSymbolExists.c
Linking C executable cmTC_839b4
/usr/bin/cmake -E cmake_link_script CMakeFiles/cmTC_839b4.dir/link.txt --verbose=1
/usr/bin/gcc-5       CMakeFiles/cmTC_839b4.dir/CheckSymbolExists.c.o  -o cmTC_839b4 -rdynamic 
CMakeFiles/cmTC_839b4.dir/CheckSymbolExists.c.o: In function `main':
CheckSymbolExists.c:(.text+0x1b): undefined reference to `pthread_create'
collect2: error: ld returned 1 exit status
CMakeFiles/cmTC_839b4.dir/build.make:97: recipe for target 'cmTC_839b4' failed
make[1]: *** [cmTC_839b4] Error 1
make[1]: Leaving directory '/home/chris/caffe/build/CMakeFiles/CMakeTmp'
Makefile:126: recipe for target 'cmTC_839b4/fast' failed
make: *** [cmTC_839b4/fast] Error 2

File /home/chris/caffe/build/CMakeFiles/CMakeTmp/CheckSymbolExists.c:
/* */
#include <pthread.h>

int main(int argc, char** argv)
{
  (void)argv;
#ifndef pthread_create
  return ((int*)(&pthread_create))[argc];
#else
  (void)argc;
  return 0;
#endif
}

Determining if the function pthread_create exists in the pthreads failed with the following output:
Change Dir: /home/chris/caffe/build/CMakeFiles/CMakeTmp

Run Build Command:"/usr/bin/make" "cmTC_aeb30/fast"
/usr/bin/make -f CMakeFiles/cmTC_aeb30.dir/build.make CMakeFiles/cmTC_aeb30.dir/build
make[1]: Entering directory '/home/chris/caffe/build/CMakeFiles/CMakeTmp'
Building C object CMakeFiles/cmTC_aeb30.dir/CheckFunctionExists.c.o
/usr/bin/gcc-5    -DCHECK_FUNCTION_EXISTS=pthread_create   -o CMakeFiles/cmTC_aeb30.dir/CheckFunctionExists.c.o   -c /usr/share/cmake-3.7/Modules/CheckFunctionExists.c
Linking C executable cmTC_aeb30
/usr/bin/cmake -E cmake_link_script CMakeFiles/cmTC_aeb30.dir/link.txt --verbose=1
/usr/bin/gcc-5   -DCHECK_FUNCTION_EXISTS=pthread_create    CMakeFiles/cmTC_aeb30.dir/CheckFunctionExists.c.o  -o cmTC_aeb30 -rdynamic -lpthreads 
/usr/bin/ld: cannot find -lpthreads
collect2: error: ld returned 1 exit status
CMakeFiles/cmTC_aeb30.dir/build.make:97: recipe for target 'cmTC_aeb30' failed
make[1]: *** [cmTC_aeb30] Error 1
make[1]: Leaving directory '/home/chris/caffe/build/CMakeFiles/CMakeTmp'
Makefile:126: recipe for target 'cmTC_aeb30/fast' failed
make: *** [cmTC_aeb30/fast] Error 2


